<?xml version="1.0" encoding="UTF-8"?>
<!-- Generated by org.testng.reporters.JUnitReportReporter -->
<testsuite hostname="DESKTOP-VE8TIGL" failures="0" tests="2" name="org.excel.Tst" time="11.379" errors="0" timestamp="07 Jan 2022 04:06:19 GMT" skipped="0">
  <testcase classname="org.excel.Tst" name="BrowserLaunch" time="4.282"/>
  <testcase classname="org.excel.Tst" name="ieLaunch" time="7.097"/>
</testsuite> <!-- org.excel.Tst -->
